<?xml version="1.0" encoding="UTF-8"?>
<!-- Generated by org.testng.reporters.JUnitXMLReporter -->
<testsuite ignored="0" hostname="DESKTOP-AVRVIA0" failures="0" tests="6" name="Test" time="46.747" errors="0" timestamp="2026-07-26T19:20:07 IST">
  <testcase classname="testCases.TC001_AccountRegistrationTest" name="verify_Account_Registration" time="2.51"/>
  <testcase classname="testCases.TC002_LoginTest" name="loginTest" time="1.363"/>
  <testcase classname="testCases.TC004_Logout" name="logOutFunctionality" time="2.251"/>
  <testcase classname="testCases.TC005_SearchFunctionality" name="searchProduct" time="0.419"/>
  <testcase classname="testCases.TC006_ProductCompare" name="validateProductComparision" time="1.218"/>
  <testcase classname="testCases.TC007_ProductDisplayPage" name="productdisplaypage" time="28.461"/>
</testsuite> <!-- Test -->
