<?xml version="1.0" encoding="UTF-8"?>
<!-- Generated by org.testng.reporters.JUnitXMLReporter -->
<testsuite ignored="0" hostname="DESKTOP-AVRVIA0" failures="2" tests="10" name="edgetest" time="82.414" errors="0" timestamp="2026-07-31T17:57:52 IST">
  <testcase classname="testCases.TC001_AccountRegistrationTest" name="verify_Account_Registration" time="2.238"/>
  <testcase classname="testCases.TC002_LoginTest" name="loginTest" time="1.454"/>
  <testcase classname="testCases.TC004_Logout" name="logOutFunctionality" time="1.969"/>
  <testcase classname="testCases.TC005_SearchFunctionality" name="searchProduct" time="0.413"/>
  <testcase classname="testCases.TC006_ProductCompare" name="productComare" time="1.253"/>
  <testcase classname="testCases.TC007_ProductDisplayPage" name="productdisplaypage" time="28.735"/>
  <testcase classname="testCases.TC008_ShoppingAddingCartTest" name="ShoppingAddingCart" time="1.159"/>
  <testcase classname="testCases.TC009_MyWishListTest" name="myWishList" time="14.822">
    <failure type="java.lang.AssertionError" message="element not interactable
  (Session info: MicrosoftEdge=150.0.4078.105)
Build info: version: &amp;apos;4.45.0&amp;apos;, revision: &amp;apos;cd6a3cd cd6a3cdfca6970f62e5bc8344109d0fe0e2af05e&amp;apos;
System info: os.name: &amp;apos;Windows 10&amp;apos;, os.arch: &amp;apos;amd64&amp;apos;, os.version: &amp;apos;10.0&amp;apos;, java.version: &amp;apos;21.0.12&amp;apos;
Driver info: org.openqa.selenium.edge.EdgeDriver
Command: [910a7538679e14803520e61f2661c760, clickElement {id=f.37CEF61C7429DAAD0367180C72C1BBBD.d.D4903AEA8F8DCEF0FB4D8E5F2CF73D21.e.131}]
Capabilities {acceptInsecureCerts: false, browserName: MicrosoftEdge, browserVersion: 150.0.4078.105, fedcm:accounts: true, goog:processID: 16152, ms:edgeOptions: {debuggerAddress: localhost:62526}, msedge: {msedgedriverVersion: 150.0.4078.105 (a88426f15a5..., userDataDir: C:\Users\DELL\AppData\Local...}, networkConnectionEnabled: false, pageLoadStrategy: normal, platformName: windows, proxy: Proxy(), se:cdp: ws://localhost:62526/devtoo..., se:cdpVersion: 150.0.4078.105, setWindowRect: true, strictFileInteractability: false, timeouts: {implicit: 0, pageLoad: 300000, script: 30000}, unhandledPromptBehavior: dismiss and notify, webauthn:extension:credBlob: true, webauthn:extension:largeBlob: true, webauthn:extension:minPinLength: true, webauthn:extension:prf: true, webauthn:virtualAuthenticators: true}
Element: [[EdgeDriver: MicrosoftEdge on windows (910a7538679e14803520e61f2661c760)] -&amp;gt; xpath: //a[normalize-space(.)=&amp;apos;iMac&amp;apos;]]
Session ID: 910a7538679e14803520e61f2661c760">
      <![CDATA[java.lang.AssertionError: element not interactable
  (Session info: MicrosoftEdge=150.0.4078.105)
Build info: version: '4.45.0', revision: 'cd6a3cd cd6a3cdfca6970f62e5bc8344109d0fe0e2af05e'
System info: os.name: 'Windows 10', os.arch: 'amd64', os.version: '10.0', java.version: '21.0.12'
Driver info: org.openqa.selenium.edge.EdgeDriver
Command: [910a7538679e14803520e61f2661c760, clickElement {id=f.37CEF61C7429DAAD0367180C72C1BBBD.d.D4903AEA8F8DCEF0FB4D8E5F2CF73D21.e.131}]
Capabilities {acceptInsecureCerts: false, browserName: MicrosoftEdge, browserVersion: 150.0.4078.105, fedcm:accounts: true, goog:processID: 16152, ms:edgeOptions: {debuggerAddress: localhost:62526}, msedge: {msedgedriverVersion: 150.0.4078.105 (a88426f15a5..., userDataDir: C:\Users\DELL\AppData\Local...}, networkConnectionEnabled: false, pageLoadStrategy: normal, platformName: windows, proxy: Proxy(), se:cdp: ws://localhost:62526/devtoo..., se:cdpVersion: 150.0.4078.105, setWindowRect: true, strictFileInteractability: false, timeouts: {implicit: 0, pageLoad: 300000, script: 30000}, unhandledPromptBehavior: dismiss and notify, webauthn:extension:credBlob: true, webauthn:extension:largeBlob: true, webauthn:extension:minPinLength: true, webauthn:extension:prf: true, webauthn:virtualAuthenticators: true}
Element: [[EdgeDriver: MicrosoftEdge on windows (910a7538679e14803520e61f2661c760)] -> xpath: //a[normalize-space(.)='iMac']]
Session ID: 910a7538679e14803520e61f2661c760
at testCases.TC009_MyWishListTest.myWishList(TC009_MyWishListTest.java:52)
at java.base/java.util.ArrayList.forEach(ArrayList.java:1596)
... Removed 30 stack frames]]>
    </failure>
  </testcase> <!-- myWishList -->
  <testcase classname="testCases.TC010_ShoppingCartToHomePageTest" name="ShoppingcartToHomepage" time="1.651"/>
  <testcase classname="testCases.TC011_CheckoutTest" name="checkoutTest" time="10.758">
    <failure type="java.lang.AssertionError" message="no such element: Unable to locate element: {&amp;quot;method&amp;quot;:&amp;quot;xpath&amp;quot;,&amp;quot;selector&amp;quot;:&amp;quot;//a[@class=&amp;apos;btn btn-primary&amp;apos;]&amp;quot;}
  (Session info: MicrosoftEdge=150.0.4078.105)
For documentation on this error, please visit: https://www.selenium.dev/documentation/webdriver/troubleshooting/errors#nosuchelementexception
Build info: version: &amp;apos;4.45.0&amp;apos;, revision: &amp;apos;cd6a3cd cd6a3cdfca6970f62e5bc8344109d0fe0e2af05e&amp;apos;
System info: os.name: &amp;apos;Windows 10&amp;apos;, os.arch: &amp;apos;amd64&amp;apos;, os.version: &amp;apos;10.0&amp;apos;, java.version: &amp;apos;21.0.12&amp;apos;
Driver info: org.openqa.selenium.edge.EdgeDriver
Command: [1e8782c0e9d930cd17db123b403c8339, findElement {using=xpath, value=//a[@class=&amp;apos;btn btn-primary&amp;apos;]}]
Capabilities {acceptInsecureCerts: false, browserName: MicrosoftEdge, browserVersion: 150.0.4078.105, fedcm:accounts: true, goog:processID: 4384, ms:edgeOptions: {debuggerAddress: localhost:62682}, msedge: {msedgedriverVersion: 150.0.4078.105 (a88426f15a5..., userDataDir: C:\Users\DELL\AppData\Local...}, networkConnectionEnabled: false, pageLoadStrategy: normal, platformName: windows, proxy: Proxy(), se:cdp: ws://localhost:62682/devtoo..., se:cdpVersion: 150.0.4078.105, setWindowRect: true, strictFileInteractability: false, timeouts: {implicit: 0, pageLoad: 300000, script: 30000}, unhandledPromptBehavior: dismiss and notify, webauthn:extension:credBlob: true, webauthn:extension:largeBlob: true, webauthn:extension:minPinLength: true, webauthn:extension:prf: true, webauthn:virtualAuthenticators: true}
Session ID: 1e8782c0e9d930cd17db123b403c8339">
      <![CDATA[java.lang.AssertionError: no such element: Unable to locate element: {"method":"xpath","selector":"//a[@class='btn btn-primary']"}
  (Session info: MicrosoftEdge=150.0.4078.105)
For documentation on this error, please visit: https://www.selenium.dev/documentation/webdriver/troubleshooting/errors#nosuchelementexception
Build info: version: '4.45.0', revision: 'cd6a3cd cd6a3cdfca6970f62e5bc8344109d0fe0e2af05e'
System info: os.name: 'Windows 10', os.arch: 'amd64', os.version: '10.0', java.version: '21.0.12'
Driver info: org.openqa.selenium.edge.EdgeDriver
Command: [1e8782c0e9d930cd17db123b403c8339, findElement {using=xpath, value=//a[@class='btn btn-primary']}]
Capabilities {acceptInsecureCerts: false, browserName: MicrosoftEdge, browserVersion: 150.0.4078.105, fedcm:accounts: true, goog:processID: 4384, ms:edgeOptions: {debuggerAddress: localhost:62682}, msedge: {msedgedriverVersion: 150.0.4078.105 (a88426f15a5..., userDataDir: C:\Users\DELL\AppData\Local...}, networkConnectionEnabled: false, pageLoadStrategy: normal, platformName: windows, proxy: Proxy(), se:cdp: ws://localhost:62682/devtoo..., se:cdpVersion: 150.0.4078.105, setWindowRect: true, strictFileInteractability: false, timeouts: {implicit: 0, pageLoad: 300000, script: 30000}, unhandledPromptBehavior: dismiss and notify, webauthn:extension:credBlob: true, webauthn:extension:largeBlob: true, webauthn:extension:minPinLength: true, webauthn:extension:prf: true, webauthn:virtualAuthenticators: true}
Session ID: 1e8782c0e9d930cd17db123b403c8339
at testCases.TC011_CheckoutTest.checkoutTest(TC011_CheckoutTest.java:32)
at java.base/java.util.ArrayList.forEach(ArrayList.java:1596)
... Removed 30 stack frames]]>
    </failure>
  </testcase> <!-- checkoutTest -->
</testsuite> <!-- edgetest -->
