<?xml version="1.0" encoding="UTF-8"?>
<!-- Generated by org.testng.reporters.JUnitXMLReporter -->
<testsuite ignored="0" hostname="DESKTOP-AVRVIA0" failures="1" tests="10" name="firefoxtest" time="89.067" errors="0" timestamp="2026-07-31T17:59:21 IST">
  <testcase classname="testCases.TC001_AccountRegistrationTest" name="verify_Account_Registration" time="1.964"/>
  <testcase classname="testCases.TC002_LoginTest" name="loginTest" time="1.135"/>
  <testcase classname="testCases.TC004_Logout" name="logOutFunctionality" time="1.768"/>
  <testcase classname="testCases.TC005_SearchFunctionality" name="searchProduct" time="0.251"/>
  <testcase classname="testCases.TC006_ProductCompare" name="productComare" time="1.141"/>
  <testcase classname="testCases.TC007_ProductDisplayPage" name="productdisplaypage" time="28.418"/>
  <testcase classname="testCases.TC008_ShoppingAddingCartTest" name="ShoppingAddingCart" time="0.995"/>
  <testcase classname="testCases.TC009_MyWishListTest" name="myWishList" time="4.741">
    <failure type="java.lang.AssertionError" message="Element &amp;lt;a href=&amp;quot;https://tutorialsninja.com/demo/index.php?route=product/product&amp;amp;product_id=41&amp;quot;&amp;gt; could not be scrolled into view
Build info: version: &amp;apos;4.45.0&amp;apos;, revision: &amp;apos;cd6a3cd cd6a3cdfca6970f62e5bc8344109d0fe0e2af05e&amp;apos;
System info: os.name: &amp;apos;Windows 10&amp;apos;, os.arch: &amp;apos;amd64&amp;apos;, os.version: &amp;apos;10.0&amp;apos;, java.version: &amp;apos;21.0.12&amp;apos;
Driver info: org.openqa.selenium.firefox.FirefoxDriver
Command: [10ba84e8-9aa2-4e83-963f-c7beb0306cef, clickElement {id=0b9882fd-2350-4e66-ad76-a0c7fe5d068c}]
Capabilities {acceptInsecureCerts: true, browserName: firefox, browserVersion: 151.0.2, moz:accessibilityChecks: false, moz:buildID: 20260525130955, moz:geckodriverVersion: 0.37.1, moz:headless: false, moz:platformVersion: 10.0, moz:processID: 17092, moz:profile: C:\Users\DELL\AppData\Local..., moz:shutdownTimeout: 60000, moz:webdriverClick: true, moz:windowless: false, pageLoadStrategy: normal, platformName: windows, proxy: Proxy(), setWindowRect: true, strictFileInteractability: false, timeouts: {implicit: 0, pageLoad: 300000, script: 30000}, unhandledPromptBehavior: dismiss and notify, userAgent: Mozilla/5.0 (Windows NT 10....}
Element: [[FirefoxDriver: firefox on windows (10ba84e8-9aa2-4e83-963f-c7beb0306cef)] -&amp;gt; xpath: //a[normalize-space(.)=&amp;apos;iMac&amp;apos;]]
Session ID: 10ba84e8-9aa2-4e83-963f-c7beb0306cef">
      <![CDATA[java.lang.AssertionError: Element <a href="https://tutorialsninja.com/demo/index.php?route=product/product&product_id=41"> could not be scrolled into view
Build info: version: '4.45.0', revision: 'cd6a3cd cd6a3cdfca6970f62e5bc8344109d0fe0e2af05e'
System info: os.name: 'Windows 10', os.arch: 'amd64', os.version: '10.0', java.version: '21.0.12'
Driver info: org.openqa.selenium.firefox.FirefoxDriver
Command: [10ba84e8-9aa2-4e83-963f-c7beb0306cef, clickElement {id=0b9882fd-2350-4e66-ad76-a0c7fe5d068c}]
Capabilities {acceptInsecureCerts: true, browserName: firefox, browserVersion: 151.0.2, moz:accessibilityChecks: false, moz:buildID: 20260525130955, moz:geckodriverVersion: 0.37.1, moz:headless: false, moz:platformVersion: 10.0, moz:processID: 17092, moz:profile: C:\Users\DELL\AppData\Local..., moz:shutdownTimeout: 60000, moz:webdriverClick: true, moz:windowless: false, pageLoadStrategy: normal, platformName: windows, proxy: Proxy(), setWindowRect: true, strictFileInteractability: false, timeouts: {implicit: 0, pageLoad: 300000, script: 30000}, unhandledPromptBehavior: dismiss and notify, userAgent: Mozilla/5.0 (Windows NT 10....}
Element: [[FirefoxDriver: firefox on windows (10ba84e8-9aa2-4e83-963f-c7beb0306cef)] -> xpath: //a[normalize-space(.)='iMac']]
Session ID: 10ba84e8-9aa2-4e83-963f-c7beb0306cef
at testCases.TC009_MyWishListTest.myWishList(TC009_MyWishListTest.java:52)
at java.base/java.util.ArrayList.forEach(ArrayList.java:1596)
... Removed 30 stack frames]]>
    </failure>
  </testcase> <!-- myWishList -->
  <testcase classname="testCases.TC010_ShoppingCartToHomePageTest" name="ShoppingcartToHomepage" time="1.238"/>
  <testcase classname="testCases.TC011_CheckoutTest" name="checkoutTest" time="0.907"/>
</testsuite> <!-- firefoxtest -->
