<?xml version="1.0" encoding="UTF-8"?>
<testsuite xmlns:xsi="http://www.w3.org/2001/XMLSchema-instance" xsi:noNamespaceSchemaLocation="https://maven.apache.org/surefire/maven-surefire-plugin/xsd/surefire-test-report-3.0.xsd" version="3.0" name="TestSuite" time="12.519" tests="2" errors="0" skipped="0" failures="0">
  <properties>
[...]
</properties>
  <testcase name="verify_Account_Registration" classname="testCases.TC001_AccountRegistrationTest" time="4.306">
    <system-err><![CDATA[SLF4J(W): No SLF4J providers were found.
SLF4J(W): Defaulting to no-operation (NOP) logger implementation
SLF4J(W): See https://www.slf4j.org/codes.html#noProviders for further details.
SLF4J(W): Class path contains SLF4J bindings targeting slf4j-api versions 1.7.x or earlier.
SLF4J(W): Ignoring binding found at [jar:file:/C:/Users/DELL/.m2/repository/org/apache/logging/log4j/log4j-slf4j-impl/2.26.1/log4j-slf4j-impl-2.26.1.jar!/org/slf4j/impl/StaticLoggerBinder.class]
SLF4J(W): See https://www.slf4j.org/codes.html#ignoredBindings for an explanation.
2026-07-22T07:20:24.015604600Z main INFO Starting configuration XmlConfiguration[location=C:\Users\DELL\eclipse-workspace\OpencartV121\target\test-classes\log4j2.xml, lastModified=2026-07-22T05:54:20.759Z]...
2026-07-22T07:20:24.017599500Z main INFO Configuration XmlConfiguration[location=C:\Users\DELL\eclipse-workspace\OpencartV121\target\test-classes\log4j2.xml, lastModified=2026-07-22T05:54:20.759Z] started.
2026-07-22T07:20:24.019594Z main INFO Stopping configuration org.apache.logging.log4j.core.config.DefaultConfiguration@42bc14c1...
2026-07-22T07:20:24.019594Z main INFO Configuration org.apache.logging.log4j.core.config.DefaultConfiguration@42bc14c1 stopped.
Jul 22, 2026 12:50:25 PM org.openqa.selenium.devtools.CdpVersionFinder findNearestMatch
WARNING: Unable to find an exact match for CDP version 150, returning the closest version; found: 149; Please update to a Selenium version that supports CDP version 150
]]></system-err>
  </testcase>
  <testcase name="loginTest" classname="testCases.TC002_LoginTest" time="2.383">
    <system-err><![CDATA[Jul 22, 2026 12:50:31 PM org.openqa.selenium.devtools.CdpVersionFinder findNearestMatch
WARNING: Unable to find an exact match for CDP version 150, returning the closest version; found: 149; Please update to a Selenium version that supports CDP version 150
]]></system-err>
  </testcase>
</testsuite>