<?xml version="1.0" encoding="UTF-8"?>
<testng-results ignored="0" total="6" passed="6" failed="0" skipped="0">
  <reporter-output>
  </reporter-output>
  <suite started-at="2026-07-26T19:19:20 IST" name="Suite" finished-at="2026-07-26T19:20:07 IST" duration-ms="46747">
    <groups>
      <group name="Master">
        <method signature="TC001_AccountRegistrationTest.verify_Account_Registration()[pri:0, instance:testCases.TC001_AccountRegistrationTest@55fe41ea]" name="verify_Account_Registration" class="testCases.TC001_AccountRegistrationTest"/>
        <method signature="TC002_LoginTest.loginTest()[pri:0, instance:testCases.TC002_LoginTest@2aceadd4]" name="loginTest" class="testCases.TC002_LoginTest"/>
        <method signature="TC005_SearchFunctionality.searchProduct()[pri:0, instance:testCases.TC005_SearchFunctionality@3a52dba3]" name="searchProduct" class="testCases.TC005_SearchFunctionality"/>
      </group> <!-- Master -->
      <group name="Sanity">
        <method signature="TC002_LoginTest.loginTest()[pri:0, instance:testCases.TC002_LoginTest@2aceadd4]" name="loginTest" class="testCases.TC002_LoginTest"/>
      </group> <!-- Sanity -->
      <group name="Regression">
        <method signature="TC001_AccountRegistrationTest.verify_Account_Registration()[pri:0, instance:testCases.TC001_AccountRegistrationTest@55fe41ea]" name="verify_Account_Registration" class="testCases.TC001_AccountRegistrationTest"/>
      </group> <!-- Regression -->
    </groups>
    <test started-at="2026-07-26T19:19:20 IST" name="Test" finished-at="2026-07-26T19:20:07 IST" duration-ms="46747">
      <class name="testCases.TC004_Logout">
        <test-method is-config="true" signature="setup(java.lang.String,java.lang.String)[pri:0, instance:testCases.TC004_Logout@24aed80c]" started-at="2026-07-26T19:19:28 IST" name="setup" finished-at="2026-07-26T19:19:29 IST" duration-ms="1370" status="PASS">
          <params>
            <param index="0">
              <value>
                <![CDATA[Windows]]>
              </value>
            </param>
            <param index="1">
              <value>
                <![CDATA[chrome]]>
              </value>
            </param>
          </params>
          <reporter-output>
          </reporter-output>
        </test-method> <!-- setup -->
        <test-method signature="logOutFunctionality()[pri:0, instance:testCases.TC004_Logout@24aed80c]" started-at="2026-07-26T19:19:29 IST" name="logOutFunctionality" finished-at="2026-07-26T19:19:31 IST" duration-ms="2251" status="PASS">
          <reporter-output>
          </reporter-output>
        </test-method> <!-- logOutFunctionality -->
        <test-method is-config="true" signature="tearDown()[pri:0, instance:testCases.TC004_Logout@24aed80c]" started-at="2026-07-26T19:19:31 IST" name="tearDown" finished-at="2026-07-26T19:19:32 IST" duration-ms="186" status="PASS">
          <reporter-output>
          </reporter-output>
        </test-method> <!-- tearDown -->
      </class> <!-- testCases.TC004_Logout -->
      <class name="testCases.TC005_SearchFunctionality">
        <test-method is-config="true" signature="setup(java.lang.String,java.lang.String)[pri:0, instance:testCases.TC005_SearchFunctionality@3a52dba3]" started-at="2026-07-26T19:19:32 IST" name="setup" finished-at="2026-07-26T19:19:33 IST" duration-ms="1461" status="PASS">
          <params>
            <param index="0">
              <value>
                <![CDATA[Windows]]>
              </value>
            </param>
            <param index="1">
              <value>
                <![CDATA[chrome]]>
              </value>
            </param>
          </params>
          <reporter-output>
          </reporter-output>
        </test-method> <!-- setup -->
        <test-method signature="searchProduct()[pri:0, instance:testCases.TC005_SearchFunctionality@3a52dba3]" started-at="2026-07-26T19:19:33 IST" name="searchProduct" finished-at="2026-07-26T19:19:33 IST" duration-ms="419" status="PASS">
          <reporter-output>
          </reporter-output>
        </test-method> <!-- searchProduct -->
        <test-method is-config="true" signature="tearDown()[pri:0, instance:testCases.TC005_SearchFunctionality@3a52dba3]" started-at="2026-07-26T19:19:33 IST" name="tearDown" finished-at="2026-07-26T19:19:34 IST" duration-ms="170" status="PASS">
          <reporter-output>
          </reporter-output>
        </test-method> <!-- tearDown -->
      </class> <!-- testCases.TC005_SearchFunctionality -->
      <class name="testCases.TC002_LoginTest">
        <test-method is-config="true" signature="setup(java.lang.String,java.lang.String)[pri:0, instance:testCases.TC002_LoginTest@2aceadd4]" started-at="2026-07-26T19:19:25 IST" name="setup" finished-at="2026-07-26T19:19:26 IST" duration-ms="1330" status="PASS">
          <params>
            <param index="0">
              <value>
                <![CDATA[Windows]]>
              </value>
            </param>
            <param index="1">
              <value>
                <![CDATA[chrome]]>
              </value>
            </param>
          </params>
          <reporter-output>
          </reporter-output>
        </test-method> <!-- setup -->
        <test-method signature="loginTest()[pri:0, instance:testCases.TC002_LoginTest@2aceadd4]" started-at="2026-07-26T19:19:26 IST" name="loginTest" finished-at="2026-07-26T19:19:28 IST" duration-ms="1363" status="PASS">
          <reporter-output>
          </reporter-output>
        </test-method> <!-- loginTest -->
        <test-method is-config="true" signature="tearDown()[pri:0, instance:testCases.TC002_LoginTest@2aceadd4]" started-at="2026-07-26T19:19:28 IST" name="tearDown" finished-at="2026-07-26T19:19:28 IST" duration-ms="176" status="PASS">
          <reporter-output>
          </reporter-output>
        </test-method> <!-- tearDown -->
      </class> <!-- testCases.TC002_LoginTest -->
      <class name="testCases.TC007_ProductDisplayPage">
        <test-method is-config="true" signature="setup(java.lang.String,java.lang.String)[pri:0, instance:testCases.TC007_ProductDisplayPage@752325ad]" started-at="2026-07-26T19:19:36 IST" name="setup" finished-at="2026-07-26T19:19:38 IST" duration-ms="1386" status="PASS">
          <params>
            <param index="0">
              <value>
                <![CDATA[Windows]]>
              </value>
            </param>
            <param index="1">
              <value>
                <![CDATA[chrome]]>
              </value>
            </param>
          </params>
          <reporter-output>
          </reporter-output>
        </test-method> <!-- setup -->
        <test-method signature="productdisplaypage()[pri:0, instance:testCases.TC007_ProductDisplayPage@752325ad]" started-at="2026-07-26T19:19:38 IST" name="productdisplaypage" finished-at="2026-07-26T19:20:06 IST" duration-ms="28461" status="PASS">
          <reporter-output>
          </reporter-output>
        </test-method> <!-- productdisplaypage -->
        <test-method is-config="true" signature="tearDown()[pri:0, instance:testCases.TC007_ProductDisplayPage@752325ad]" started-at="2026-07-26T19:20:06 IST" name="tearDown" finished-at="2026-07-26T19:20:07 IST" duration-ms="228" status="PASS">
          <reporter-output>
          </reporter-output>
        </test-method> <!-- tearDown -->
      </class> <!-- testCases.TC007_ProductDisplayPage -->
      <class name="testCases.TC006_ProductCompare">
        <test-method is-config="true" signature="setup(java.lang.String,java.lang.String)[pri:0, instance:testCases.TC006_ProductCompare@2a5c8d3f]" started-at="2026-07-26T19:19:34 IST" name="setup" finished-at="2026-07-26T19:19:35 IST" duration-ms="1407" status="PASS">
          <params>
            <param index="0">
              <value>
                <![CDATA[Windows]]>
              </value>
            </param>
            <param index="1">
              <value>
                <![CDATA[chrome]]>
              </value>
            </param>
          </params>
          <reporter-output>
          </reporter-output>
        </test-method> <!-- setup -->
        <test-method signature="validateProductComparision()[pri:0, instance:testCases.TC006_ProductCompare@2a5c8d3f]" started-at="2026-07-26T19:19:35 IST" name="validateProductComparision" finished-at="2026-07-26T19:19:36 IST" duration-ms="1218" status="PASS">
          <reporter-output>
          </reporter-output>
        </test-method> <!-- validateProductComparision -->
        <test-method is-config="true" signature="tearDown()[pri:0, instance:testCases.TC006_ProductCompare@2a5c8d3f]" started-at="2026-07-26T19:19:36 IST" name="tearDown" finished-at="2026-07-26T19:19:36 IST" duration-ms="175" status="PASS">
          <reporter-output>
          </reporter-output>
        </test-method> <!-- tearDown -->
      </class> <!-- testCases.TC006_ProductCompare -->
      <class name="testCases.TC001_AccountRegistrationTest">
        <test-method is-config="true" signature="setup(java.lang.String,java.lang.String)[pri:0, instance:testCases.TC001_AccountRegistrationTest@55fe41ea]" started-at="2026-07-26T19:19:20 IST" name="setup" finished-at="2026-07-26T19:19:22 IST" duration-ms="2194" status="PASS">
          <params>
            <param index="0">
              <value>
                <![CDATA[Windows]]>
              </value>
            </param>
            <param index="1">
              <value>
                <![CDATA[chrome]]>
              </value>
            </param>
          </params>
          <reporter-output>
          </reporter-output>
        </test-method> <!-- setup -->
        <test-method signature="verify_Account_Registration()[pri:0, instance:testCases.TC001_AccountRegistrationTest@55fe41ea]" started-at="2026-07-26T19:19:22 IST" name="verify_Account_Registration" finished-at="2026-07-26T19:19:25 IST" duration-ms="2510" status="PASS">
          <reporter-output>
          </reporter-output>
        </test-method> <!-- verify_Account_Registration -->
        <test-method is-config="true" signature="tearDown()[pri:0, instance:testCases.TC001_AccountRegistrationTest@55fe41ea]" started-at="2026-07-26T19:19:25 IST" name="tearDown" finished-at="2026-07-26T19:19:25 IST" duration-ms="196" status="PASS">
          <reporter-output>
          </reporter-output>
        </test-method> <!-- tearDown -->
      </class> <!-- testCases.TC001_AccountRegistrationTest -->
    </test> <!-- Test -->
  </suite> <!-- Suite -->
</testng-results>
