<?xml version="1.0" encoding="UTF-8"?>
<!-- Generated by org.testng.reporters.JUnitReportReporter -->
<testsuite hostname="DESKTOP-AVRVIA0" failures="0" tests="3" name="testCases.TC006_ProductCompare" time="3.663" errors="0" timestamp="2026-07-31T17:59:21 IST" skipped="0">
  <testcase classname="testCases.TC006_ProductCompare" name="productComare" time="1.141"/>
  <testcase classname="testCases.TC006_ProductCompare" name="productComare" time="1.253"/>
  <testcase classname="testCases.TC006_ProductCompare" name="productComare" time="1.269"/>
</testsuite> <!-- testCases.TC006_ProductCompare -->
