<?xml version="1.0" encoding="UTF-8"?>
<!-- Generated by org.testng.reporters.JUnitReportReporter -->
<testsuite hostname="DESKTOP-AVRVIA0" failures="0" tests="3" name="testCases.TC002_LoginTest" time="4.243" errors="0" timestamp="2026-07-31T17:59:21 IST" skipped="0">
  <testcase classname="testCases.TC002_LoginTest" name="loginTest" time="1.454"/>
  <testcase classname="testCases.TC002_LoginTest" name="loginTest" time="1.135"/>
  <testcase classname="testCases.TC002_LoginTest" name="loginTest" time="1.654"/>
</testsuite> <!-- testCases.TC002_LoginTest -->
