<?xml version="1.0" encoding="UTF-8"?>
<!-- Generated by org.testng.reporters.JUnitReportReporter -->
<testsuite hostname="DESKTOP-AVRVIA0" failures="0" tests="3" name="testCases.TC010_ShoppingCartToHomePageTest" time="4.393" errors="0" timestamp="2026-07-31T17:59:21 IST" skipped="0">
  <testcase classname="testCases.TC010_ShoppingCartToHomePageTest" name="ShoppingcartToHomepage" time="1.504"/>
  <testcase classname="testCases.TC010_ShoppingCartToHomePageTest" name="ShoppingcartToHomepage" time="1.238"/>
  <testcase classname="testCases.TC010_ShoppingCartToHomePageTest" name="ShoppingcartToHomepage" time="1.651"/>
</testsuite> <!-- testCases.TC010_ShoppingCartToHomePageTest -->
