<?xml version="1.0" encoding="UTF-8"?>
<!-- Generated by org.testng.reporters.JUnitReportReporter -->
<testsuite hostname="DESKTOP-AVRVIA0" failures="0" tests="3" name="testCases.TC005_SearchFunctionality" time="1.192" errors="0" timestamp="2026-07-31T17:59:21 IST" skipped="0">
  <testcase classname="testCases.TC005_SearchFunctionality" name="searchProduct" time="0.413"/>
  <testcase classname="testCases.TC005_SearchFunctionality" name="searchProduct" time="0.251"/>
  <testcase classname="testCases.TC005_SearchFunctionality" name="searchProduct" time="0.528"/>
</testsuite> <!-- testCases.TC005_SearchFunctionality -->
