<?xml version="1.0" encoding="UTF-8"?>
<!-- Generated by org.testng.reporters.JUnitReportReporter -->
<testsuite hostname="DESKTOP-AVRVIA0" failures="0" tests="3" name="testCases.TC004_Logout" time="6.167" errors="0" timestamp="2026-07-31T17:59:21 IST" skipped="0">
  <testcase classname="testCases.TC004_Logout" name="logOutFunctionality" time="1.969"/>
  <testcase classname="testCases.TC004_Logout" name="logOutFunctionality" time="2.430"/>
  <testcase classname="testCases.TC004_Logout" name="logOutFunctionality" time="1.768"/>
</testsuite> <!-- testCases.TC004_Logout -->
