<?xml version="1.0" encoding="UTF-8"?>
<!-- Generated by org.testng.reporters.JUnitReportReporter -->
<testsuite hostname="DESKTOP-AVRVIA0" failures="0" tests="3" name="testCases.TC008_ShoppingAddingCartTest" time="3.538" errors="0" timestamp="2026-07-31T17:59:21 IST" skipped="0">
  <testcase classname="testCases.TC008_ShoppingAddingCartTest" name="ShoppingAddingCart" time="1.384"/>
  <testcase classname="testCases.TC008_ShoppingAddingCartTest" name="ShoppingAddingCart" time="0.995"/>
  <testcase classname="testCases.TC008_ShoppingAddingCartTest" name="ShoppingAddingCart" time="1.159"/>
</testsuite> <!-- testCases.TC008_ShoppingAddingCartTest -->
